Copyright 1986-2020 Xilinx, Inc. All Rights Reserved.
----------------------------------------------------------------------------------------------------------------------------------------------------------------
| Tool Version     : Vivado v.2020.1 (win64) Build 2902540 Wed May 27 19:54:49 MDT 2020
| Date             : Wed Sep 21 16:04:01 2022
| Host             : TX running 64-bit major release  (build 9200)
| Command          : report_power -file system_wrapper_power_routed.rpt -pb system_wrapper_power_summary_routed.pb -rpx system_wrapper_power_routed.rpx
| Design           : system_wrapper
| Device           : xczu2cg-sfvc784-1-e
| Design State     : routed
| Grade            : extended
| Process          : typical
| Characterization : Production
----------------------------------------------------------------------------------------------------------------------------------------------------------------

Power Report

Table of Contents
-----------------
1. Summary
1.1 On-Chip Components
1.2 Power Supply Summary
1.3 Confidence Level
2. Settings
2.1 Environment
2.2 Clock Constraints
3. Detailed Reports
3.1 By Hierarchy

1. Summary
----------

+--------------------------+--------------+
| Total On-Chip Power (W)  | 3.005        |
| Design Power Budget (W)  | Unspecified* |
| Power Budget Margin (W)  | NA           |
| Dynamic (W)              | 2.668        |
| Device Static (W)        | 0.336        |
| Effective TJA (C/W)      | 2.4          |
| Max Ambient (C)          | 92.9         |
| Junction Temperature (C) | 32.1         |
| Confidence Level         | Low          |
| Setting File             | ---          |
| Simulation Activity File | ---          |
| Design Nets Matched      | NA           |
+--------------------------+--------------+
* Specify Design Power Budget using, set_operating_conditions -design_power_budget <value in Watts>


1.1 On-Chip Components
----------------------

+--------------------------+-----------+----------+-----------+-----------------+
| On-Chip                  | Power (W) | Used     | Available | Utilization (%) |
+--------------------------+-----------+----------+-----------+-----------------+
| Clocks                   |     0.220 |        8 |       --- |             --- |
| CLB Logic                |     0.162 |    77368 |       --- |             --- |
|   LUT as Distributed RAM |     0.074 |      764 |     28800 |            2.65 |
|   LUT as Logic           |     0.071 |    24666 |     47232 |           52.22 |
|   Register               |     0.009 |    41060 |     94464 |           43.47 |
|   LUT as Shift Register  |     0.005 |      590 |     28800 |            2.05 |
|   CARRY8                 |     0.004 |      624 |      8820 |            7.07 |
|   BUFG                   |    <0.001 |        3 |        24 |           12.50 |
|   Others                 |     0.000 |     1808 |       --- |             --- |
|   F7/F8 Muxes            |     0.000 |     1086 |     70560 |            1.54 |
| Signals                  |     0.122 |    57462 |       --- |             --- |
| Block RAM                |     0.069 |       48 |       150 |           32.00 |
| MMCM                     |     0.000 |        0 |       --- |             --- |
| DSPs                     |     0.027 |       48 |       240 |           20.00 |
| I/O                      |     0.036 |       38 |       252 |           15.08 |
| PS8                      |     2.032 |        1 |       --- |             --- |
| Static Power             |     0.336 |          |           |                 |
|   PS Static              |     0.096 |          |           |                 |
|   PL Static              |     0.241 |          |           |                 |
| Total                    |     3.005 |          |           |                 |
+--------------------------+-----------+----------+-----------+-----------------+


1.2 Power Supply Summary
------------------------

+-----------------+-------------+-----------+-------------+------------+-------------+-------------+------------+
| Source          | Voltage (V) | Total (A) | Dynamic (A) | Static (A) | Powerup (A) | Budget (A)  | Margin (A) |
+-----------------+-------------+-----------+-------------+------------+-------------+-------------+------------+
| Vccint          |       0.850 |     0.760 |       0.702 |      0.058 |       NA    | Unspecified | NA         |
| Vccint_io       |       0.850 |     0.027 |       0.000 |      0.027 |       NA    | Unspecified | NA         |
| Vccbram         |       0.850 |     0.004 |       0.003 |      0.001 |       NA    | Unspecified | NA         |
| Vccaux          |       1.800 |     0.047 |       0.000 |      0.047 |       NA    | Unspecified | NA         |
| Vccaux_io       |       1.800 |     0.029 |       0.004 |      0.025 |       NA    | Unspecified | NA         |
| Vcco33          |       3.300 |     0.016 |       0.009 |      0.007 |       NA    | Unspecified | NA         |
| Vcco25          |       2.500 |     0.000 |       0.000 |      0.000 |       NA    | Unspecified | NA         |
| Vcco18          |       1.800 |     0.000 |       0.000 |      0.000 |       NA    | Unspecified | NA         |
| Vcco15          |       1.500 |     0.000 |       0.000 |      0.000 |       NA    | Unspecified | NA         |
| Vcco135         |       1.350 |     0.000 |       0.000 |      0.000 |       NA    | Unspecified | NA         |
| Vcco12          |       1.200 |     0.000 |       0.000 |      0.000 |       NA    | Unspecified | NA         |
| Vcco10          |       1.000 |     0.000 |       0.000 |      0.000 |       NA    | Unspecified | NA         |
| Vccadc          |       1.800 |     0.008 |       0.000 |      0.008 |       NA    | Unspecified | NA         |
| VCC_PSINTFP     |       0.850 |     0.365 |       0.335 |      0.030 |       NA    | Unspecified | NA         |
| VCC_PSINTLP     |       0.850 |     0.241 |       0.233 |      0.008 |       NA    | Unspecified | NA         |
| VPS_MGTRAVCC    |       0.850 |     0.001 |       0.000 |      0.001 |       NA    | Unspecified | NA         |
| VCC_PSINTFP_DDR |       0.850 |     0.821 |       0.816 |      0.005 |       NA    | Unspecified | NA         |
| VCC_PSPLL       |       1.200 |     0.072 |       0.070 |      0.002 |       NA    | Unspecified | NA         |
| VPS_MGTRAVTT    |       1.800 |     0.001 |       0.000 |      0.001 |       NA    | Unspecified | NA         |
| VCCO_PSDDR_504  |       1.200 |     0.677 |       0.643 |      0.034 |       NA    | Unspecified | NA         |
| VCC_PSAUX       |       1.800 |     0.002 |       0.000 |      0.002 |       NA    | Unspecified | NA         |
| VCC_PSBATT      |       1.200 |     0.000 |       0.000 |      0.000 |       NA    | Unspecified | NA         |
| VCC_PSDDR_PLL   |       1.800 |     0.001 |       0.000 |      0.001 |       NA    | Unspecified | NA         |
| VCCO_PSIO0_500  |       1.800 |     0.001 |       0.000 |      0.001 |       NA    | Unspecified | NA         |
| VCCO_PSIO1_501  |       1.800 |     0.001 |       0.000 |      0.001 |       NA    | Unspecified | NA         |
| VCCO_PSIO2_502  |       1.800 |     0.001 |       0.000 |      0.001 |       NA    | Unspecified | NA         |
| VCCO_PSIO3_503  |       3.300 |     0.001 |       0.000 |      0.001 |       NA    | Unspecified | NA         |
| VCC_PSADC       |       1.800 |     0.002 |       0.000 |      0.002 |       NA    | Unspecified | NA         |
+-----------------+-------------+-----------+-------------+------------+-------------+-------------+------------+


1.3 Confidence Level
--------------------

+-----------------------------+------------+--------------------------------------------------------+------------------------------------------------------------------------------------------------------------+
| User Input Data             | Confidence | Details                                                | Action                                                                                                     |
+-----------------------------+------------+--------------------------------------------------------+------------------------------------------------------------------------------------------------------------+
| Design implementation state | High       | Design is routed                                       |                                                                                                            |
| Clock nodes activity        | High       | User specified more than 95% of clocks                 |                                                                                                            |
| I/O nodes activity          | Low        | More than 75% of inputs are missing user specification | Provide missing input activity with simulation results or by editing the "By Resource Type -> I/Os" view   |
| Internal nodes activity     | Medium     | User specified less than 25% of internal nodes         | Provide missing internal nodes activity with simulation results or by editing the "By Resource Type" views |
| Device models               | High       | Device models are Production                           |                                                                                                            |
|                             |            |                                                        |                                                                                                            |
| Overall confidence level    | Low        |                                                        |                                                                                                            |
+-----------------------------+------------+--------------------------------------------------------+------------------------------------------------------------------------------------------------------------+


2. Settings
-----------

2.1 Environment
---------------

+-----------------------+--------------------------+
| Ambient Temp (C)      | 25.0                     |
| ThetaJA (C/W)         | 2.4                      |
| Airflow (LFM)         | 250                      |
| Heat Sink             | medium (Medium Profile)  |
| ThetaSA (C/W)         | 5.5                      |
| Board Selection       | medium (10"x10")         |
| # of Board Layers     | 12to15 (12 to 15 Layers) |
| Board Temperature (C) | 25.0                     |
+-----------------------+--------------------------+


2.2 Clock Constraints
---------------------

+-----------------------------+----------------------------------------------------------------------------------------+-----------------+
| Clock                       | Domain                                                                                 | Constraint (ns) |
+-----------------------------+----------------------------------------------------------------------------------------+-----------------+
| clk_out1_system_clk_wiz_0_0 | system_i/vid_out_ss/clk_wiz_0/inst/CLK_CORE_DRP_I/clk_inst/clk_out1_system_clk_wiz_0_0 |             6.7 |
| clk_out2_system_clk_wiz_0_0 | system_i/vid_out_ss/clk_wiz_0/inst/CLK_CORE_DRP_I/clk_inst/clk_out2_system_clk_wiz_0_0 |            33.2 |
| clk_out3_system_clk_wiz_0_0 | system_i/vid_out_ss/clk_wiz_0/inst/CLK_CORE_DRP_I/clk_inst/clk_out3_system_clk_wiz_0_0 |            33.2 |
| clk_pl_0                    | system_i/processer_ss/zynq_ultra_ps_e_0/inst/pl_clk_unbuffered[0]                      |             3.3 |
| clk_pl_1                    | system_i/processer_ss/zynq_ultra_ps_e_0/inst/pl_clk1                                   |             5.0 |
| clk_pl_1                    | system_i/processer_ss/zynq_ultra_ps_e_0/inst/pl_clk_unbuffered[1]                      |             5.0 |
+-----------------------------+----------------------------------------------------------------------------------------+-----------------+


3. Detailed Reports
-------------------

3.1 By Hierarchy
----------------

+------------------------------+-----------+
| Name                         | Power (W) |
+------------------------------+-----------+
| system_wrapper               |     2.668 |
|   eeprom_scl_iobuf           |     0.002 |
|   eeprom_sda_iobuf           |     0.002 |
|   gpio_tri_iobuf_0           |     0.002 |
|   gpio_tri_iobuf_1           |     0.002 |
|   gpio_tri_iobuf_2           |     0.002 |
|   sil9136_scl_iobuf          |     0.002 |
|   sil9136_sda_iobuf          |     0.002 |
|   system_i                   |     2.632 |
|     ch_0                     |     0.123 |
|       axis_passthrough_mon_0 |     0.008 |
|       axis_switch_0          |     0.003 |
|       v_axi4s_vid_out_0      |     0.003 |
|       v_tc_0                 |     0.005 |
|       v_tpg_0                |     0.049 |
|       v_tpg_1                |     0.051 |
|       v_vid_in_axi4s_0       |     0.005 |
|     ch_1                     |     0.121 |
|       axis_passthrough_mon_0 |     0.008 |
|       axis_switch_0          |     0.003 |
|       v_axi4s_vid_out_0      |     0.003 |
|       v_tc_0                 |     0.005 |
|       v_tpg_0                |     0.049 |
|       v_tpg_1                |     0.049 |
|       v_vid_in_axi4s_0       |     0.005 |
|     processer_ss             |     2.085 |
|       AXI_LITE_REG_0         |     0.006 |
|       axi_uartlite_0         |     0.002 |
|       ps8_0_axi_periph       |     0.022 |
|       zynq_ultra_ps_e_0      |     2.055 |
|     vdma_ss                  |     0.268 |
|       axi_smc                |     0.158 |
|       axi_vdma_0             |     0.038 |
|       axi_vdma_1             |     0.038 |
|       axi_vdma_2             |     0.026 |
|       axis_passthrough_mon_0 |     0.007 |
|     vid_out_ss               |     0.035 |
|       clk_wiz_0              |     0.011 |
|       v_axi4s_vid_out_0      |     0.006 |
|       v_tc_0                 |     0.018 |
+------------------------------+-----------+


